#
# A fatal error has been detected by the Java Runtime Environment:
#
#  EXCEPTION_ACCESS_VIOLATION (0xc0000005) at pc=0x00007fffeb22b309, pid=9708, tid=24044
#
# JRE version: OpenJDK Runtime Environment Temurin-21.0.6+7 (21.0.6+7) (build 21.0.6+7-LTS)
# Java VM: OpenJDK 64-Bit Server VM Temurin-21.0.6+7 (21.0.6+7-LTS, mixed mode, sharing, tiered, compressed oops, compressed class ptrs, g1 gc, windows-amd64)
# Problematic frame:
# C  [awt.dll+0xdb309]
#
# No core dump will be written. Minidumps are not enabled by default on client versions of Windows
#
# If you would like to submit a bug report, please visit:
#   https://github.com/adoptium/adoptium-support/issues
# The crash happened outside the Java Virtual Machine in native code.
# See problematic frame for where to report the bug.
#

---------------  S U M M A R Y ------------

Command Line: -ea -agentlib:jdwp=transport=dt_shmem,address=javadebug -Dfile.encoding=UTF-8 bluej.runtime.ExecServer UTF-8

Host: Intel(R) Core(TM) Ultra 7 165U, 14 cores, 15G,  Windows 11 , 64 bit Build 26100 (10.0.26100.6725)
Time: Fri Oct 24 22:25:24 2025 Est (heure d, 64 bit Build 26100 (10.0.26100.6725) elapsed time: 44266.769634 seconds (0d 12h 17m 46s)

---------------  T H R E A D  ---------------

Current thread (0x000002075a49dc10):  JavaThread "AWT-EventQueue-0"        [_thread_in_native, id=24044, stack(0x000000df9d000000,0x000000df9d100000) (1024K)]

Stack: [0x000000df9d000000,0x000000df9d100000],  sp=0x000000df9d0fe720,  free space=1017k
Native frames: (J=compiled Java code, j=interpreted, Vv=VM code, C=native code)
C  [awt.dll+0xdb309]

Java frames: (J=compiled Java code, j=interpreted, Vv=VM code)
j  sun.awt.Win32GraphicsConfig.getBounds(I)Ljava/awt/Rectangle;+0 java.desktop@21.0.6
j  sun.awt.Win32GraphicsConfig.getBounds()Ljava/awt/Rectangle;+8 java.desktop@21.0.6
j  sun.awt.Win32GraphicsDevice.displayChanged()V+23 java.desktop@21.0.6
j  sun.awt.Win32GraphicsEnvironment.displayChanged()V+271 java.desktop@21.0.6
j  sun.awt.windows.WToolkit.lambda$displayChanged$4()V+15 java.desktop@21.0.6
j  sun.awt.windows.WToolkit$$Lambda+0x0000020716072200.run()V+0 java.desktop@21.0.6
j  java.awt.event.InvocationEvent.dispatch()V+47 java.desktop@21.0.6
j  java.awt.EventQueue.dispatchEventImpl(Ljava/awt/AWTEvent;Ljava/lang/Object;)V+21 java.desktop@21.0.6
j  java.awt.EventQueue$4.run()Ljava/lang/Void;+32 java.desktop@21.0.6
j  java.awt.EventQueue$4.run()Ljava/lang/Object;+1 java.desktop@21.0.6
j  java.security.AccessController.executePrivileged(Ljava/security/PrivilegedAction;Ljava/security/AccessControlContext;Ljava/lang/Class;)Ljava/lang/Object;+29 java.base@21.0.6
j  java.security.AccessController.doPrivileged(Ljava/security/PrivilegedAction;Ljava/security/AccessControlContext;)Ljava/lang/Object;+13 java.base@21.0.6
j  java.security.ProtectionDomain$JavaSecurityAccessImpl.doIntersectionPrivilege(Ljava/security/PrivilegedAction;Ljava/security/AccessControlContext;Ljava/security/AccessControlContext;)Ljava/lang/Object;+18 java.base@21.0.6
j  java.awt.EventQueue.dispatchEvent(Ljava/awt/AWTEvent;)V+46 java.desktop@21.0.6
j  java.awt.EventDispatchThread.pumpOneEventForFilters(I)V+81 java.desktop@21.0.6
j  java.awt.EventDispatchThread.pumpEventsForFilter(ILjava/awt/Conditional;Ljava/awt/EventFilter;)V+35 java.desktop@21.0.6
j  java.awt.EventDispatchThread.pumpEventsForHierarchy(ILjava/awt/Conditional;Ljava/awt/Component;)V+11 java.desktop@21.0.6
j  java.awt.EventDispatchThread.pumpEvents(ILjava/awt/Conditional;)V+4 java.desktop@21.0.6
j  java.awt.EventDispatchThread.pumpEvents(Ljava/awt/Conditional;)V+3 java.desktop@21.0.6
j  java.awt.EventDispatchThread.run()V+9 java.desktop@21.0.6
v  ~StubRoutines::call_stub 0x000002070753100d

siginfo: EXCEPTION_ACCESS_VIOLATION (0xc0000005), reading address 0x0000000000000028


Registers:
RAX=0x0000000000000000, RBX=0x000002075a0a0f00, RCX=0x0000000000000000, RDX=0x0000000000000000
RSP=0x000000df9d0fe720, RBP=0x0000000000000000, RSI=0x0000000000000000, RDI=0x0000000000000000
R8 =0x0000000000000001, R9 =0x000000df9ae16000, R10=0x000002075a0a0f40, R11=0x00000207562aaee0
R12=0x0000000000000000, R13=0x000002075a84cb48, R14=0x000002075a14e5a0, R15=0x0000000000000000
RIP=0x00007fffeb22b309, EFLAGS=0x0000000000010246

XMM[0]=0x0000000000000000 0x0000000000000000
XMM[1]=0x0000000000000000 0x000000df9d0fe7f0
XMM[2]=0x0000000000000000 0x0000000000000000
XMM[3]=0x0000000000000000 0x0000000000000000
XMM[4]=0x0000000000000000 0x0000000000000000
XMM[5]=0x000002075a49dc10 0x0000000000000001
XMM[6]=0x0000000000000000 0x0000000000000000
XMM[7]=0x0000000000000000 0x0000000000000000
XMM[8]=0x0000000000000000 0x0000000000000000
XMM[9]=0x0000000000000000 0x0000000000000000
XMM[10]=0x0000000000000000 0x0000000000000000
XMM[11]=0x0000000000000000 0x0000000000000000
XMM[12]=0x0000000000000000 0x0000000000000000
XMM[13]=0x0000000000000000 0x0000000000000000
XMM[14]=0x0000000000000000 0x0000000000000000
XMM[15]=0x0000000000000000 0x0000000000000000
  MXCSR=0x00001fa0


Register to memory mapping:

RAX=0x0 is null
RBX=0x000002075a0a0f00 points into unknown readable memory: 0x000002077553a950 | 50 a9 53 75 07 02 00 00
RCX=0x0 is null
RDX=0x0 is null
RSP=0x000000df9d0fe720 is pointing into the stack for thread: 0x000002075a49dc10
RBP=0x0 is null
RSI=0x0 is null
RDI=0x0 is null
R8 =0x0000000000000001 is an unknown value
R9 =0x000000df9ae16000 points into unknown readable memory: 0x0000000000000000 | 00 00 00 00 00 00 00 00
R10=0x000002075a0a0f40 points into unknown readable memory: 0x0000001e00000003 | 03 00 00 00 1e 00 00 00
R11={method} {0x00000207562aaee8} '<init>' '(IIII)V' in 'java/awt/Rectangle'
R12=0x0 is null
R13=0x000002075a84cb48 points into unknown readable memory: 0x00000207562aaee0 | e0 ae 2a 56 07 02 00 00
R14=0x000002075a14e5a0 points into unknown readable memory: 0x000000071791b3c0 | c0 b3 91 17 07 00 00 00
R15=0x0 is null

Top of Stack: (sp=0x000000df9d0fe720)
0x000000df9d0fe720:   00007fffeb28a848 000002075a0a0f00
0x000000df9d0fe730:   000002075a49dfc8 000002075a0a0f00
0x000000df9d0fe740:   000002075a49dfc8 00007fffeb22a698
0x000000df9d0fe750:   000002075a0a0f00 000002075a0a0f00
0x000000df9d0fe760:   00000000000001f4 000002075a49dfc8
0x000000df9d0fe770:   00000007179191b8 000002075629c070
0x000000df9d0fe780:   0000000000000000 000000df9d0fe7a0
0x000000df9d0fe790:   0000000000000000 0000000000000000
0x000000df9d0fe7a0:   0000a77bfe950eca 0000000717919b60
0x000000df9d0fe7b0:   000002075a49dc10 000000df9d0fe898
0x000000df9d0fe7c0:   00000207562a6b98 0000000000000000
0x000000df9d0fe7d0:   000000071791b160 00000000000001f4
0x000000df9d0fe7e0:   000000df9d0fe870 00000207075407b6
0x000000df9d0fe7f0:   000000df9d0fe808 00000207562a6b98
0x000000df9d0fe800:   00000207075391b4 0000000000000000
0x000000df9d0fe810:   0000000717919b60 000000071764e000
0x000000df9d0fe820:   000000071764e000 000000df9d0fe828
0x000000df9d0fe830:   0000000000000000 0000000000000005
0x000000df9d0fe840:   00000207562a8fb0 0000000000000000
0x000000df9d0fe850:   000000071791afc0 00000207562a6b98
0x000000df9d0fe860:   0000000000000000 000000df9d0fe890
0x000000df9d0fe870:   000000df9d0fe8e8 00000207075396b9
0x000000df9d0fe880:   0000000000000000 000002070753c6fa
0x000000df9d0fe890:   0000000000000000 000000071764e000
0x000000df9d0fe8a0:   000000df9d0fe8a0 00000207562a6c40
0x000000df9d0fe8b0:   0000000000000002 00000207562a8fb0
0x000000df9d0fe8c0:   0000000000000000 000000071791afc0
0x000000df9d0fe8d0:   00000207562a6c58 000000df9d0fe890
0x000000df9d0fe8e0:   000000df9d0fe8f8 000000df9d0fe948
0x000000df9d0fe8f0:   00000207075396b9 000000071764e000
0x000000df9d0fe900:   000000df9d0fe900 000002075629bec7
0x000000df9d0fe910:   0000000000000003 000002075629cfe0 

Instructions: (pc=0x00007fffeb22b309)
0x00007fffeb22b209:   cc cc cc cc cc cc cc 48 89 5c 24 08 48 89 6c 24
0x00007fffeb22b219:   10 48 89 74 24 18 57 48 83 ec 20 41 8b f8 0f b6
0x00007fffeb22b229:   f2 48 8b e9 e8 1e cb f4 ff 48 8b d8 48 89 44 24
0x00007fffeb22b239:   48 41 b8 01 00 00 00 8b d7 48 8b c8 e8 76 ca f4
0x00007fffeb22b249:   ff 48 8b c8 44 0f b6 c6 48 8b d5 e8 97 fa ff ff
0x00007fffeb22b259:   48 8b f8 48 8b cb e8 ac cc f4 ff 90 48 8b c7 48
0x00007fffeb22b269:   8b 5c 24 30 48 8b 6c 24 38 48 8b 74 24 40 48 83
0x00007fffeb22b279:   c4 20 5f c3 cc cc cc 48 8b 49 28 e9 37 07 00 00
0x00007fffeb22b289:   cc cc cc cc cc cc cc 48 89 5c 24 08 57 48 83 ec
0x00007fffeb22b299:   20 8b f9 e8 af ca f4 ff 48 8b d8 48 89 44 24 38
0x00007fffeb22b2a9:   41 b8 01 00 00 00 8b d7 48 8b c8 e8 07 ca f4 ff
0x00007fffeb22b2b9:   48 8b 08 8b 39 48 8b cb e8 4a cc f4 ff 90 8b c7
0x00007fffeb22b2c9:   48 8b 5c 24 30 48 83 c4 20 5f c3 cc cc cc cc cc
0x00007fffeb22b2d9:   cc cc cc cc cc cc cc 48 89 5c 24 08 57 48 83 ec
0x00007fffeb22b2e9:   20 8b f9 e8 5f ca f4 ff 48 8b d8 48 89 44 24 38
0x00007fffeb22b2f9:   41 b8 01 00 00 00 8b d7 48 8b c8 e8 b7 c9 f4 ff
0x00007fffeb22b309:   48 8b 78 28 48 8b cb e8 fb cb f4 ff 90 48 8b c7
0x00007fffeb22b319:   48 8b 5c 24 30 48 83 c4 20 5f c3 cc cc cc cc cc
0x00007fffeb22b329:   cc cc cc cc cc cc cc 48 89 5c 24 08 57 48 83 ec
0x00007fffeb22b339:   20 8b f9 e8 0f ca f4 ff 48 8b d8 48 89 44 24 38
0x00007fffeb22b349:   41 b8 01 00 00 00 8b d7 48 8b c8 e8 67 c9 f4 ff
0x00007fffeb22b359:   48 8b 78 30 48 8b cb e8 ab cb f4 ff 90 48 8b c7
0x00007fffeb22b369:   48 8b 5c 24 30 48 83 c4 20 5f c3 cc cc cc cc cc
0x00007fffeb22b379:   cc cc cc cc cc cc cc 48 89 5c 24 08 57 48 83 ec
0x00007fffeb22b389:   20 8b f9 e8 bf c9 f4 ff 48 8b d8 48 89 44 24 38
0x00007fffeb22b399:   41 b8 01 00 00 00 8b d7 48 8b c8 e8 17 c9 f4 ff
0x00007fffeb22b3a9:   48 8b 78 08 48 85 ff 74 07 48 8b bf 08 0c 00 00
0x00007fffeb22b3b9:   48 8b cb e8 4f cb f4 ff 90 48 8b c7 48 8b 5c 24
0x00007fffeb22b3c9:   30 48 83 c4 20 5f c3 f3 0f 10 41 48 c3 cc cc cc
0x00007fffeb22b3d9:   cc cc cc cc cc cc cc f3 0f 10 41 4c c3 cc cc cc
0x00007fffeb22b3e9:   cc cc cc cc cc cc cc 48 89 5c 24 10 48 89 6c 24
0x00007fffeb22b3f9:   18 48 89 74 24 20 57 48 81 ec 20 01 00 00 48 8b 


Stack slot to memory mapping:

stack at sp + 0 slots: 0x00007fffeb28a848 awt.dll
stack at sp + 1 slots: 0x000002075a0a0f00 points into unknown readable memory: 0x000002077553a950 | 50 a9 53 75 07 02 00 00
stack at sp + 2 slots: 0x000002075a49dfc8 points into unknown readable memory: 0x00007fffaaabb7b0 | b0 b7 ab aa ff 7f 00 00
stack at sp + 3 slots: 0x000002075a0a0f00 points into unknown readable memory: 0x000002077553a950 | 50 a9 53 75 07 02 00 00
stack at sp + 4 slots: 0x000002075a49dfc8 points into unknown readable memory: 0x00007fffaaabb7b0 | b0 b7 ab aa ff 7f 00 00
stack at sp + 5 slots: 0x00007fffeb22a698 awt.dll
stack at sp + 6 slots: 0x000002075a0a0f00 points into unknown readable memory: 0x000002077553a950 | 50 a9 53 75 07 02 00 00
stack at sp + 7 slots: 0x000002075a0a0f00 points into unknown readable memory: 0x000002077553a950 | 50 a9 53 75 07 02 00 00


---------------  P R O C E S S  ---------------

Threads class SMR info:
_java_thread_list=0x000002075b34d740, length=20, elements={
0x000002077ff5b5c0, 0x000002077ff5cb80, 0x000002077ff652a0, 0x000002077ff66490,
0x000002077ff89e80, 0x000002077ff8ba50, 0x000002077ff8f350, 0x000002077ff906b0,
0x000002075a14ff70, 0x000002075a1412f0, 0x000002075a160f30, 0x000002075a1640f0,
0x000002075a166170, 0x000002075a43c1f0, 0x000002075a445a00, 0x000002075a460b70,
0x0000020773044130, 0x000002075a49e930, 0x000002075a49e2a0, 0x000002075a49dc10
}

Java Threads: ( => current thread )
  0x000002077ff5b5c0 JavaThread "Reference Handler"          daemon [_thread_blocked, id=14752, stack(0x000000df9bb00000,0x000000df9bc00000) (1024K)]
  0x000002077ff5cb80 JavaThread "Finalizer"                  daemon [_thread_blocked, id=11972, stack(0x000000df9bc00000,0x000000df9bd00000) (1024K)]
  0x000002077ff652a0 JavaThread "Signal Dispatcher"          daemon [_thread_blocked, id=27272, stack(0x000000df9bd00000,0x000000df9be00000) (1024K)]
  0x000002077ff66490 JavaThread "Attach Listener"            daemon [_thread_blocked, id=13136, stack(0x000000df9be00000,0x000000df9bf00000) (1024K)]
  0x000002077ff89e80 JavaThread "Service Thread"             daemon [_thread_blocked, id=5332, stack(0x000000df9bf00000,0x000000df9c000000) (1024K)]
  0x000002077ff8ba50 JavaThread "Monitor Deflation Thread"   daemon [_thread_blocked, id=17484, stack(0x000000df9c000000,0x000000df9c100000) (1024K)]
  0x000002077ff8f350 JavaThread "C2 CompilerThread0"         daemon [_thread_blocked, id=21052, stack(0x000000df9c100000,0x000000df9c200000) (1024K)]
  0x000002077ff906b0 JavaThread "C1 CompilerThread0"         daemon [_thread_blocked, id=18872, stack(0x000000df9c200000,0x000000df9c300000) (1024K)]
  0x000002075a14ff70 JavaThread "JDWP Transport Listener: dt_shmem" daemon [_thread_blocked, id=24492, stack(0x000000df9c300000,0x000000df9c400000) (1024K)]
  0x000002075a1412f0 JavaThread "JDWP Event Helper Thread"   daemon [_thread_blocked, id=10060, stack(0x000000df9c400000,0x000000df9c500000) (1024K)]
  0x000002075a160f30 JavaThread "JDWP Command Reader"        daemon [_thread_in_native, id=10968, stack(0x000000df9c500000,0x000000df9c600000) (1024K)]
  0x000002075a1640f0 JavaThread "Notification Thread"        daemon [_thread_blocked, id=23256, stack(0x000000df9c600000,0x000000df9c700000) (1024K)]
  0x000002075a166170 JavaThread "Common-Cleaner"             daemon [_thread_blocked, id=2096, stack(0x000000df9c700000,0x000000df9c800000) (1024K)]
  0x000002075a43c1f0 JavaThread "Java2D Disposer"            daemon [_thread_blocked, id=14488, stack(0x000000df9c900000,0x000000df9ca00000) (1024K)]
  0x000002075a445a00 JavaThread "AWT-Windows"                daemon [_thread_in_native, id=8732, stack(0x000000df9cb00000,0x000000df9cc00000) (1024K)]
  0x000002075a460b70 JavaThread "BlueJ worker thread"               [_thread_blocked, id=24288, stack(0x000000df9cd00000,0x000000df9ce00000) (1024K)]
  0x0000020773044130 JavaThread "DestroyJavaVM"                     [_thread_blocked, id=22712, stack(0x000000df9b300000,0x000000df9b400000) (1024K)]
  0x000002075a49e930 JavaThread "main"                              [_thread_blocked, id=2492, stack(0x000000df9cf00000,0x000000df9d000000) (1024K)]
  0x000002075a49e2a0 JavaThread "AWT-Shutdown"                      [_thread_blocked, id=10092, stack(0x000000df9b100000,0x000000df9b200000) (1024K)]
=>0x000002075a49dc10 JavaThread "AWT-EventQueue-0"                  [_thread_in_native, id=24044, stack(0x000000df9d000000,0x000000df9d100000) (1024K)]
Total: 20

Other Threads:
  0x000002077ff40410 VMThread "VM Thread"                           [id=22236, stack(0x000000df9ba00000,0x000000df9bb00000) (1024K)]
  0x000002077ff2fc60 WatcherThread "VM Periodic Task Thread"        [id=8916, stack(0x000000df9b900000,0x000000df9ba00000) (1024K)]
  0x000002077558f320 WorkerThread "GC Thread#0"                     [id=21916, stack(0x000000df9b400000,0x000000df9b500000) (1024K)]
  0x000002075a4a12c0 WorkerThread "GC Thread#1"                     [id=8152, stack(0x000000df9b000000,0x000000df9b100000) (1024K)]
  0x000002075a1aeb80 WorkerThread "GC Thread#2"                     [id=13904, stack(0x000000df9b200000,0x000000df9b300000) (1024K)]
  0x000002075a199470 WorkerThread "GC Thread#3"                     [id=19088, stack(0x000000df9c800000,0x000000df9c900000) (1024K)]
  0x000002075a199c20 WorkerThread "GC Thread#4"                     [id=19404, stack(0x000000df9ca00000,0x000000df9cb00000) (1024K)]
  0x000002075a1af340 WorkerThread "GC Thread#5"                     [id=21376, stack(0x000000df9cc00000,0x000000df9cd00000) (1024K)]
  0x000002075a0a2c10 WorkerThread "GC Thread#6"                     [id=15580, stack(0x000000df9ce00000,0x000000df9cf00000) (1024K)]
  0x000002077559fa50 ConcurrentGCThread "G1 Main Marker"            [id=9768, stack(0x000000df9b500000,0x000000df9b600000) (1024K)]
  0x00000207755a0d60 WorkerThread "G1 Conc#0"                       [id=22336, stack(0x000000df9b600000,0x000000df9b700000) (1024K)]
  0x000002077fdff9d0 ConcurrentGCThread "G1 Refine#0"               [id=25016, stack(0x000000df9b700000,0x000000df9b800000) (1024K)]
  0x000002077fe00440 ConcurrentGCThread "G1 Service"                [id=21456, stack(0x000000df9b800000,0x000000df9b900000) (1024K)]
Total: 13

Threads with active compile tasks:
Total: 0

VM state: not at safepoint (normal execution)

VM Mutex/Monitor currently owned by a thread: None

Heap address: 0x0000000708a00000, size: 3958 MB, Compressed Oops mode: Zero based, Oop shift amount: 3

CDS archive(s) mapped at: [0x0000020715000000-0x0000020715c80000-0x0000020715c80000), size 13107200, SharedBaseAddress: 0x0000020715000000, ArchiveRelocationMode: 1.
Compressed class space mapped at: 0x0000020716000000-0x0000020756000000, reserved size: 1073741824
Narrow klass base: 0x0000020715000000, Narrow klass shift: 0, Narrow klass range: 0x100000000

GC Precious Log:
 CardTable entry size: 512
 Card Set container configuration: InlinePtr #cards 4 size 8 Array Of Cards #cards 16 size 48 Howl #buckets 8 coarsen threshold 3686 Howl Bitmap #cards 512 size 80 coarsen threshold 460 Card regions per heap region 1 cards per card region 4096
 CPUs: 14 total, 14 available
 Memory: 15828M
 Large Page Support: Disabled
 NUMA Support: Disabled
 Compressed Oops: Enabled (Zero based)
 Heap Region Size: 2M
 Heap Min Capacity: 8M
 Heap Initial Capacity: 248M
 Heap Max Capacity: 3958M
 Pre-touch: Disabled
 Parallel Workers: 11
 Concurrent Workers: 3
 Concurrent Refinement Workers: 11
 Periodic GC: Disabled

Heap:
 garbage-first heap   total 253952K, used 12522K [0x0000000708a00000, 0x0000000800000000)
  region size 2048K, 8 young (16384K), 2 survivors (4096K)
 Metaspace       used 3304K, committed 3520K, reserved 1114112K
  class space    used 315K, committed 384K, reserved 1048576K

Heap Regions: E=young(eden), S=young(survivor), O=old, HS=humongous(starts), HC=humongous(continues), CS=collection set, F=free, TAMS=top-at-mark-start, PB=parsable bottom
|   0|0x0000000708a00000, 0x0000000708a00000, 0x0000000708c00000|  0%| F|  |TAMS 0x0000000708a00000| PB 0x0000000708a00000| Untracked 
|   1|0x0000000708c00000, 0x0000000708c00000, 0x0000000708e00000|  0%| F|  |TAMS 0x0000000708c00000| PB 0x0000000708c00000| Untracked 
|   2|0x0000000708e00000, 0x0000000708e00000, 0x0000000709000000|  0%| F|  |TAMS 0x0000000708e00000| PB 0x0000000708e00000| Untracked 
|   3|0x0000000709000000, 0x0000000709000000, 0x0000000709200000|  0%| F|  |TAMS 0x0000000709000000| PB 0x0000000709000000| Untracked 
|   4|0x0000000709200000, 0x0000000709200000, 0x0000000709400000|  0%| F|  |TAMS 0x0000000709200000| PB 0x0000000709200000| Untracked 
|   5|0x0000000709400000, 0x0000000709400000, 0x0000000709600000|  0%| F|  |TAMS 0x0000000709400000| PB 0x0000000709400000| Untracked 
|   6|0x0000000709600000, 0x0000000709600000, 0x0000000709800000|  0%| F|  |TAMS 0x0000000709600000| PB 0x0000000709600000| Untracked 
|   7|0x0000000709800000, 0x0000000709800000, 0x0000000709a00000|  0%| F|  |TAMS 0x0000000709800000| PB 0x0000000709800000| Untracked 
|   8|0x0000000709a00000, 0x0000000709a00000, 0x0000000709c00000|  0%| F|  |TAMS 0x0000000709a00000| PB 0x0000000709a00000| Untracked 
|   9|0x0000000709c00000, 0x0000000709c00000, 0x0000000709e00000|  0%| F|  |TAMS 0x0000000709c00000| PB 0x0000000709c00000| Untracked 
|  10|0x0000000709e00000, 0x0000000709e00000, 0x000000070a000000|  0%| F|  |TAMS 0x0000000709e00000| PB 0x0000000709e00000| Untracked 
|  11|0x000000070a000000, 0x000000070a000000, 0x000000070a200000|  0%| F|  |TAMS 0x000000070a000000| PB 0x000000070a000000| Untracked 
|  12|0x000000070a200000, 0x000000070a200000, 0x000000070a400000|  0%| F|  |TAMS 0x000000070a200000| PB 0x000000070a200000| Untracked 
|  13|0x000000070a400000, 0x000000070a400000, 0x000000070a600000|  0%| F|  |TAMS 0x000000070a400000| PB 0x000000070a400000| Untracked 
|  14|0x000000070a600000, 0x000000070a600000, 0x000000070a800000|  0%| F|  |TAMS 0x000000070a600000| PB 0x000000070a600000| Untracked 
|  15|0x000000070a800000, 0x000000070a800000, 0x000000070aa00000|  0%| F|  |TAMS 0x000000070a800000| PB 0x000000070a800000| Untracked 
|  16|0x000000070aa00000, 0x000000070aa00000, 0x000000070ac00000|  0%| F|  |TAMS 0x000000070aa00000| PB 0x000000070aa00000| Untracked 
|  17|0x000000070ac00000, 0x000000070ac00000, 0x000000070ae00000|  0%| F|  |TAMS 0x000000070ac00000| PB 0x000000070ac00000| Untracked 
|  18|0x000000070ae00000, 0x000000070ae00000, 0x000000070b000000|  0%| F|  |TAMS 0x000000070ae00000| PB 0x000000070ae00000| Untracked 
|  19|0x000000070b000000, 0x000000070b000000, 0x000000070b200000|  0%| F|  |TAMS 0x000000070b000000| PB 0x000000070b000000| Untracked 
|  20|0x000000070b200000, 0x000000070b200000, 0x000000070b400000|  0%| F|  |TAMS 0x000000070b200000| PB 0x000000070b200000| Untracked 
|  21|0x000000070b400000, 0x000000070b400000, 0x000000070b600000|  0%| F|  |TAMS 0x000000070b400000| PB 0x000000070b400000| Untracked 
|  22|0x000000070b600000, 0x000000070b600000, 0x000000070b800000|  0%| F|  |TAMS 0x000000070b600000| PB 0x000000070b600000| Untracked 
|  23|0x000000070b800000, 0x000000070b800000, 0x000000070ba00000|  0%| F|  |TAMS 0x000000070b800000| PB 0x000000070b800000| Untracked 
|  24|0x000000070ba00000, 0x000000070ba00000, 0x000000070bc00000|  0%| F|  |TAMS 0x000000070ba00000| PB 0x000000070ba00000| Untracked 
|  25|0x000000070bc00000, 0x000000070bc00000, 0x000000070be00000|  0%| F|  |TAMS 0x000000070bc00000| PB 0x000000070bc00000| Untracked 
|  26|0x000000070be00000, 0x000000070be00000, 0x000000070c000000|  0%| F|  |TAMS 0x000000070be00000| PB 0x000000070be00000| Untracked 
|  27|0x000000070c000000, 0x000000070c000000, 0x000000070c200000|  0%| F|  |TAMS 0x000000070c000000| PB 0x000000070c000000| Untracked 
|  28|0x000000070c200000, 0x000000070c200000, 0x000000070c400000|  0%| F|  |TAMS 0x000000070c200000| PB 0x000000070c200000| Untracked 
|  29|0x000000070c400000, 0x000000070c400000, 0x000000070c600000|  0%| F|  |TAMS 0x000000070c400000| PB 0x000000070c400000| Untracked 
|  30|0x000000070c600000, 0x000000070c600000, 0x000000070c800000|  0%| F|  |TAMS 0x000000070c600000| PB 0x000000070c600000| Untracked 
|  31|0x000000070c800000, 0x000000070c800000, 0x000000070ca00000|  0%| F|  |TAMS 0x000000070c800000| PB 0x000000070c800000| Untracked 
|  32|0x000000070ca00000, 0x000000070ca00000, 0x000000070cc00000|  0%| F|  |TAMS 0x000000070ca00000| PB 0x000000070ca00000| Untracked 
|  33|0x000000070cc00000, 0x000000070cc00000, 0x000000070ce00000|  0%| F|  |TAMS 0x000000070cc00000| PB 0x000000070cc00000| Untracked 
|  34|0x000000070ce00000, 0x000000070ce00000, 0x000000070d000000|  0%| F|  |TAMS 0x000000070ce00000| PB 0x000000070ce00000| Untracked 
|  35|0x000000070d000000, 0x000000070d000000, 0x000000070d200000|  0%| F|  |TAMS 0x000000070d000000| PB 0x000000070d000000| Untracked 
|  36|0x000000070d200000, 0x000000070d200000, 0x000000070d400000|  0%| F|  |TAMS 0x000000070d200000| PB 0x000000070d200000| Untracked 
|  37|0x000000070d400000, 0x000000070d400000, 0x000000070d600000|  0%| F|  |TAMS 0x000000070d400000| PB 0x000000070d400000| Untracked 
|  38|0x000000070d600000, 0x000000070d600000, 0x000000070d800000|  0%| F|  |TAMS 0x000000070d600000| PB 0x000000070d600000| Untracked 
|  39|0x000000070d800000, 0x000000070d800000, 0x000000070da00000|  0%| F|  |TAMS 0x000000070d800000| PB 0x000000070d800000| Untracked 
|  40|0x000000070da00000, 0x000000070da00000, 0x000000070dc00000|  0%| F|  |TAMS 0x000000070da00000| PB 0x000000070da00000| Untracked 
|  41|0x000000070dc00000, 0x000000070dc00000, 0x000000070de00000|  0%| F|  |TAMS 0x000000070dc00000| PB 0x000000070dc00000| Untracked 
|  42|0x000000070de00000, 0x000000070de00000, 0x000000070e000000|  0%| F|  |TAMS 0x000000070de00000| PB 0x000000070de00000| Untracked 
|  43|0x000000070e000000, 0x000000070e000000, 0x000000070e200000|  0%| F|  |TAMS 0x000000070e000000| PB 0x000000070e000000| Untracked 
|  44|0x000000070e200000, 0x000000070e200000, 0x000000070e400000|  0%| F|  |TAMS 0x000000070e200000| PB 0x000000070e200000| Untracked 
|  45|0x000000070e400000, 0x000000070e400000, 0x000000070e600000|  0%| F|  |TAMS 0x000000070e400000| PB 0x000000070e400000| Untracked 
|  46|0x000000070e600000, 0x000000070e600000, 0x000000070e800000|  0%| F|  |TAMS 0x000000070e600000| PB 0x000000070e600000| Untracked 
|  47|0x000000070e800000, 0x000000070e800000, 0x000000070ea00000|  0%| F|  |TAMS 0x000000070e800000| PB 0x000000070e800000| Untracked 
|  48|0x000000070ea00000, 0x000000070ea00000, 0x000000070ec00000|  0%| F|  |TAMS 0x000000070ea00000| PB 0x000000070ea00000| Untracked 
|  49|0x000000070ec00000, 0x000000070ec00000, 0x000000070ee00000|  0%| F|  |TAMS 0x000000070ec00000| PB 0x000000070ec00000| Untracked 
|  50|0x000000070ee00000, 0x000000070ee00000, 0x000000070f000000|  0%| F|  |TAMS 0x000000070ee00000| PB 0x000000070ee00000| Untracked 
|  51|0x000000070f000000, 0x000000070f000000, 0x000000070f200000|  0%| F|  |TAMS 0x000000070f000000| PB 0x000000070f000000| Untracked 
|  52|0x000000070f200000, 0x000000070f200000, 0x000000070f400000|  0%| F|  |TAMS 0x000000070f200000| PB 0x000000070f200000| Untracked 
|  53|0x000000070f400000, 0x000000070f400000, 0x000000070f600000|  0%| F|  |TAMS 0x000000070f400000| PB 0x000000070f400000| Untracked 
|  54|0x000000070f600000, 0x000000070f600000, 0x000000070f800000|  0%| F|  |TAMS 0x000000070f600000| PB 0x000000070f600000| Untracked 
|  55|0x000000070f800000, 0x000000070f800000, 0x000000070fa00000|  0%| F|  |TAMS 0x000000070f800000| PB 0x000000070f800000| Untracked 
|  56|0x000000070fa00000, 0x000000070fa00000, 0x000000070fc00000|  0%| F|  |TAMS 0x000000070fa00000| PB 0x000000070fa00000| Untracked 
|  57|0x000000070fc00000, 0x000000070fc00000, 0x000000070fe00000|  0%| F|  |TAMS 0x000000070fc00000| PB 0x000000070fc00000| Untracked 
|  58|0x000000070fe00000, 0x000000070fe00000, 0x0000000710000000|  0%| F|  |TAMS 0x000000070fe00000| PB 0x000000070fe00000| Untracked 
|  59|0x0000000710000000, 0x0000000710000000, 0x0000000710200000|  0%| F|  |TAMS 0x0000000710000000| PB 0x0000000710000000| Untracked 
|  60|0x0000000710200000, 0x0000000710200000, 0x0000000710400000|  0%| F|  |TAMS 0x0000000710200000| PB 0x0000000710200000| Untracked 
|  61|0x0000000710400000, 0x0000000710400000, 0x0000000710600000|  0%| F|  |TAMS 0x0000000710400000| PB 0x0000000710400000| Untracked 
|  62|0x0000000710600000, 0x0000000710600000, 0x0000000710800000|  0%| F|  |TAMS 0x0000000710600000| PB 0x0000000710600000| Untracked 
|  63|0x0000000710800000, 0x0000000710800000, 0x0000000710a00000|  0%| F|  |TAMS 0x0000000710800000| PB 0x0000000710800000| Untracked 
|  64|0x0000000710a00000, 0x0000000710a00000, 0x0000000710c00000|  0%| F|  |TAMS 0x0000000710a00000| PB 0x0000000710a00000| Untracked 
|  65|0x0000000710c00000, 0x0000000710c00000, 0x0000000710e00000|  0%| F|  |TAMS 0x0000000710c00000| PB 0x0000000710c00000| Untracked 
|  66|0x0000000710e00000, 0x0000000710e00000, 0x0000000711000000|  0%| F|  |TAMS 0x0000000710e00000| PB 0x0000000710e00000| Untracked 
|  67|0x0000000711000000, 0x0000000711000000, 0x0000000711200000|  0%| F|  |TAMS 0x0000000711000000| PB 0x0000000711000000| Untracked 
|  68|0x0000000711200000, 0x0000000711200000, 0x0000000711400000|  0%| F|  |TAMS 0x0000000711200000| PB 0x0000000711200000| Untracked 
|  69|0x0000000711400000, 0x0000000711400000, 0x0000000711600000|  0%| F|  |TAMS 0x0000000711400000| PB 0x0000000711400000| Untracked 
|  70|0x0000000711600000, 0x0000000711600000, 0x0000000711800000|  0%| F|  |TAMS 0x0000000711600000| PB 0x0000000711600000| Untracked 
|  71|0x0000000711800000, 0x0000000711800000, 0x0000000711a00000|  0%| F|  |TAMS 0x0000000711800000| PB 0x0000000711800000| Untracked 
|  72|0x0000000711a00000, 0x0000000711a00000, 0x0000000711c00000|  0%| F|  |TAMS 0x0000000711a00000| PB 0x0000000711a00000| Untracked 
|  73|0x0000000711c00000, 0x0000000711c00000, 0x0000000711e00000|  0%| F|  |TAMS 0x0000000711c00000| PB 0x0000000711c00000| Untracked 
|  74|0x0000000711e00000, 0x0000000711e00000, 0x0000000712000000|  0%| F|  |TAMS 0x0000000711e00000| PB 0x0000000711e00000| Untracked 
|  75|0x0000000712000000, 0x0000000712000000, 0x0000000712200000|  0%| F|  |TAMS 0x0000000712000000| PB 0x0000000712000000| Untracked 
|  76|0x0000000712200000, 0x0000000712200000, 0x0000000712400000|  0%| F|  |TAMS 0x0000000712200000| PB 0x0000000712200000| Untracked 
|  77|0x0000000712400000, 0x0000000712400000, 0x0000000712600000|  0%| F|  |TAMS 0x0000000712400000| PB 0x0000000712400000| Untracked 
|  78|0x0000000712600000, 0x0000000712600000, 0x0000000712800000|  0%| F|  |TAMS 0x0000000712600000| PB 0x0000000712600000| Untracked 
|  79|0x0000000712800000, 0x0000000712800000, 0x0000000712a00000|  0%| F|  |TAMS 0x0000000712800000| PB 0x0000000712800000| Untracked 
|  80|0x0000000712a00000, 0x0000000712a00000, 0x0000000712c00000|  0%| F|  |TAMS 0x0000000712a00000| PB 0x0000000712a00000| Untracked 
|  81|0x0000000712c00000, 0x0000000712c00000, 0x0000000712e00000|  0%| F|  |TAMS 0x0000000712c00000| PB 0x0000000712c00000| Untracked 
|  82|0x0000000712e00000, 0x0000000712e00000, 0x0000000713000000|  0%| F|  |TAMS 0x0000000712e00000| PB 0x0000000712e00000| Untracked 
|  83|0x0000000713000000, 0x0000000713000000, 0x0000000713200000|  0%| F|  |TAMS 0x0000000713000000| PB 0x0000000713000000| Untracked 
|  84|0x0000000713200000, 0x0000000713200000, 0x0000000713400000|  0%| F|  |TAMS 0x0000000713200000| PB 0x0000000713200000| Untracked 
|  85|0x0000000713400000, 0x0000000713400000, 0x0000000713600000|  0%| F|  |TAMS 0x0000000713400000| PB 0x0000000713400000| Untracked 
|  86|0x0000000713600000, 0x0000000713600000, 0x0000000713800000|  0%| F|  |TAMS 0x0000000713600000| PB 0x0000000713600000| Untracked 
|  87|0x0000000713800000, 0x0000000713800000, 0x0000000713a00000|  0%| F|  |TAMS 0x0000000713800000| PB 0x0000000713800000| Untracked 
|  88|0x0000000713a00000, 0x0000000713a00000, 0x0000000713c00000|  0%| F|  |TAMS 0x0000000713a00000| PB 0x0000000713a00000| Untracked 
|  89|0x0000000713c00000, 0x0000000713c00000, 0x0000000713e00000|  0%| F|  |TAMS 0x0000000713c00000| PB 0x0000000713c00000| Untracked 
|  90|0x0000000713e00000, 0x0000000713e00000, 0x0000000714000000|  0%| F|  |TAMS 0x0000000713e00000| PB 0x0000000713e00000| Untracked 
|  91|0x0000000714000000, 0x0000000714000000, 0x0000000714200000|  0%| F|  |TAMS 0x0000000714000000| PB 0x0000000714000000| Untracked 
|  92|0x0000000714200000, 0x0000000714200000, 0x0000000714400000|  0%| F|  |TAMS 0x0000000714200000| PB 0x0000000714200000| Untracked 
|  93|0x0000000714400000, 0x0000000714400000, 0x0000000714600000|  0%| F|  |TAMS 0x0000000714400000| PB 0x0000000714400000| Untracked 
|  94|0x0000000714600000, 0x0000000714600000, 0x0000000714800000|  0%| F|  |TAMS 0x0000000714600000| PB 0x0000000714600000| Untracked 
|  95|0x0000000714800000, 0x0000000714800000, 0x0000000714a00000|  0%| F|  |TAMS 0x0000000714800000| PB 0x0000000714800000| Untracked 
|  96|0x0000000714a00000, 0x0000000714a00000, 0x0000000714c00000|  0%| F|  |TAMS 0x0000000714a00000| PB 0x0000000714a00000| Untracked 
|  97|0x0000000714c00000, 0x0000000714c00000, 0x0000000714e00000|  0%| F|  |TAMS 0x0000000714c00000| PB 0x0000000714c00000| Untracked 
|  98|0x0000000714e00000, 0x0000000714e00000, 0x0000000715000000|  0%| F|  |TAMS 0x0000000714e00000| PB 0x0000000714e00000| Untracked 
|  99|0x0000000715000000, 0x0000000715000000, 0x0000000715200000|  0%| F|  |TAMS 0x0000000715000000| PB 0x0000000715000000| Untracked 
| 100|0x0000000715200000, 0x0000000715200000, 0x0000000715400000|  0%| F|  |TAMS 0x0000000715200000| PB 0x0000000715200000| Untracked 
| 101|0x0000000715400000, 0x0000000715400000, 0x0000000715600000|  0%| F|  |TAMS 0x0000000715400000| PB 0x0000000715400000| Untracked 
| 102|0x0000000715600000, 0x0000000715600000, 0x0000000715800000|  0%| F|  |TAMS 0x0000000715600000| PB 0x0000000715600000| Untracked 
| 103|0x0000000715800000, 0x0000000715800000, 0x0000000715a00000|  0%| F|  |TAMS 0x0000000715800000| PB 0x0000000715800000| Untracked 
| 104|0x0000000715a00000, 0x0000000715a00000, 0x0000000715c00000|  0%| F|  |TAMS 0x0000000715a00000| PB 0x0000000715a00000| Untracked 
| 105|0x0000000715c00000, 0x0000000715c00000, 0x0000000715e00000|  0%| F|  |TAMS 0x0000000715c00000| PB 0x0000000715c00000| Untracked 
| 106|0x0000000715e00000, 0x0000000715e00000, 0x0000000716000000|  0%| F|  |TAMS 0x0000000715e00000| PB 0x0000000715e00000| Untracked 
| 107|0x0000000716000000, 0x0000000716000000, 0x0000000716200000|  0%| F|  |TAMS 0x0000000716000000| PB 0x0000000716000000| Untracked 
| 108|0x0000000716200000, 0x0000000716200000, 0x0000000716400000|  0%| F|  |TAMS 0x0000000716200000| PB 0x0000000716200000| Untracked 
| 109|0x0000000716400000, 0x0000000716400000, 0x0000000716600000|  0%| F|  |TAMS 0x0000000716400000| PB 0x0000000716400000| Untracked 
| 110|0x0000000716600000, 0x0000000716600000, 0x0000000716800000|  0%| F|  |TAMS 0x0000000716600000| PB 0x0000000716600000| Untracked 
| 111|0x0000000716800000, 0x000000071683aaa0, 0x0000000716a00000| 11%| S|CS|TAMS 0x0000000716800000| PB 0x0000000716800000| Complete 
| 112|0x0000000716a00000, 0x0000000716c00000, 0x0000000716c00000|100%| S|CS|TAMS 0x0000000716a00000| PB 0x0000000716a00000| Complete 
| 113|0x0000000716c00000, 0x0000000716c00000, 0x0000000716e00000|  0%| F|  |TAMS 0x0000000716c00000| PB 0x0000000716c00000| Untracked 
| 114|0x0000000716e00000, 0x0000000716e00000, 0x0000000717000000|  0%| F|  |TAMS 0x0000000716e00000| PB 0x0000000716e00000| Untracked 
| 115|0x0000000717000000, 0x0000000717000000, 0x0000000717200000|  0%| F|  |TAMS 0x0000000717000000| PB 0x0000000717000000| Untracked 
| 116|0x0000000717200000, 0x0000000717200000, 0x0000000717400000|  0%| F|  |TAMS 0x0000000717200000| PB 0x0000000717200000| Untracked 
| 117|0x0000000717400000, 0x0000000717400000, 0x0000000717600000|  0%| F|  |TAMS 0x0000000717400000| PB 0x0000000717400000| Untracked 
| 118|0x0000000717600000, 0x0000000717674be0, 0x0000000717800000| 22%| E|  |TAMS 0x0000000717600000| PB 0x0000000717600000| Complete 
| 119|0x0000000717800000, 0x0000000717a00000, 0x0000000717a00000|100%| E|CS|TAMS 0x0000000717800000| PB 0x0000000717800000| Complete 
| 120|0x0000000717a00000, 0x0000000717c00000, 0x0000000717c00000|100%| E|CS|TAMS 0x0000000717a00000| PB 0x0000000717a00000| Complete 
| 121|0x0000000717c00000, 0x0000000717e00000, 0x0000000717e00000|100%| E|CS|TAMS 0x0000000717c00000| PB 0x0000000717c00000| Complete 
| 122|0x0000000717e00000, 0x0000000718000000, 0x0000000718000000|100%| E|CS|TAMS 0x0000000717e00000| PB 0x0000000717e00000| Complete 
| 123|0x0000000718000000, 0x0000000718200000, 0x0000000718200000|100%| E|CS|TAMS 0x0000000718000000| PB 0x0000000718000000| Complete 

Card table byte_map: [0x000002077ea30000,0x000002077f1f0000] _byte_map_base: 0x000002077b1eb000

Marking Bits: (CMBitMap*) 0x000002077558fa20
 Bits: [0x000002070f000000, 0x0000020712dd8000)

Polling page: 0x0000020773350000

Metaspace:

Usage:
  Non-class:      2.92 MB used.
      Class:    315.35 KB used.
       Both:      3.23 MB used.

Virtual space:
  Non-class space:       64.00 MB reserved,       3.06 MB (  5%) committed,  1 nodes.
      Class space:        1.00 GB reserved,     384.00 KB ( <1%) committed,  1 nodes.
             Both:        1.06 GB reserved,       3.44 MB ( <1%) committed. 

Chunk freelists:
   Non-Class:  11.73 MB
       Class:  15.65 MB
        Both:  27.38 MB

MaxMetaspaceSize: unlimited
CompressedClassSpaceSize: 1.00 GB
Initial GC threshold: 21.00 MB
Current GC threshold: 21.00 MB
CDS: on
 - commit_granule_bytes: 65536.
 - commit_granule_words: 8192.
 - virtual_space_node_default_size: 8388608.
 - enlarge_chunks_in_place: 1.
 - use_allocation_guard: 0.


Internal statistics:

num_allocs_failed_limit: 0.
num_arena_births: 114.
num_arena_deaths: 0.
num_vsnodes_births: 2.
num_vsnodes_deaths: 0.
num_space_committed: 55.
num_space_uncommitted: 0.
num_chunks_returned_to_freelist: 0.
num_chunks_taken_from_freelist: 152.
num_chunk_merges: 0.
num_chunk_splits: 100.
num_chunks_enlarged: 53.
num_inconsistent_stats: 0.

CodeHeap 'non-profiled nmethods': size=120000Kb used=313Kb max_used=313Kb free=119686Kb
 bounds [0x0000020707ad0000, 0x0000020707d40000, 0x000002070f000000]
CodeHeap 'profiled nmethods': size=120000Kb used=1283Kb max_used=1283Kb free=118716Kb
 bounds [0x0000020700000000, 0x0000020700270000, 0x0000020707530000]
CodeHeap 'non-nmethods': size=5760Kb used=1455Kb max_used=1487Kb free=4304Kb
 bounds [0x0000020707530000, 0x00000207077a0000, 0x0000020707ad0000]
 total_blobs=1257 nmethods=769 adapters=393
 compilation: enabled
              stopped_count=0, restarted_count=0
 full_count=0

Compilation events (20 events):
Event: 43842.848 Thread 0x000002077ff906b0  757       3       java.lang.reflect.Modifier::isProtected (12 bytes)
Event: 43842.849 Thread 0x000002077ff906b0 nmethod 757 0x000002070013e810 code [0x000002070013e9a0, 0x000002070013eae0]
Event: 43842.850 Thread 0x000002077ff906b0  759       3       jdk.internal.org.objectweb.asm.Handler::getExceptionTableSize (10 bytes)
Event: 43842.851 Thread 0x000002077ff906b0 nmethod 759 0x000002070013eb90 code [0x000002070013ed40, 0x000002070013ef40]
Event: 43842.851 Thread 0x000002077ff906b0  758       1       jdk.internal.org.objectweb.asm.MethodWriter::hasAsmInstructions (5 bytes)
Event: 43842.851 Thread 0x000002077ff906b0 nmethod 758 0x0000020707b1b990 code [0x0000020707b1bb20, 0x0000020707b1bbf0]
Event: 43842.920 Thread 0x000002077ff906b0  760       3       java.lang.invoke.MethodTypeForm::cachedLambdaForm (23 bytes)
Event: 43842.921 Thread 0x000002077ff8f350  762       4       java.lang.AbstractStringBuilder::append (45 bytes)
Event: 43842.921 Thread 0x000002077ff906b0 nmethod 760 0x000002070013f090 code [0x000002070013f260, 0x000002070013f5c8]
Event: 43842.921 Thread 0x000002077ff906b0  761       3       java.lang.invoke.LambdaForm::forceInterpretation (14 bytes)
Event: 43842.921 Thread 0x000002077ff906b0 nmethod 761 0x000002070013f710 code [0x000002070013f8a0, 0x000002070013fa00]
Event: 43842.922 Thread 0x000002077ff906b0  764       3       jdk.internal.org.objectweb.asm.AnnotationWriter::putAnnotations (67 bytes)
Event: 43842.923 Thread 0x000002077ff906b0 nmethod 764 0x000002070013fa90 code [0x000002070013fcc0, 0x00000207001400a0]
Event: 43842.939 Thread 0x000002077ff8f350 nmethod 762 0x0000020707b1c110 code [0x0000020707b1c2e0, 0x0000020707b1cac0]
Event: 43842.939 Thread 0x000002077ff8f350  763       4       java.lang.StringBuilder::append (8 bytes)
Event: 43842.948 Thread 0x000002077ff906b0  766       3       java.util.concurrent.ConcurrentHashMap$BaseIterator::hasNext (13 bytes)
Event: 43842.949 Thread 0x000002077ff906b0 nmethod 766 0x0000020700140390 code [0x0000020700140520, 0x0000020700140688]
Event: 43842.955 Thread 0x000002077ff8f350 nmethod 763 0x0000020707b1cf10 code [0x0000020707b1d0e0, 0x0000020707b1d8e8]
Event: 43843.024 Thread 0x000002077ff906b0  767       3       java.util.concurrent.ConcurrentHashMap$ValueIterator::next (34 bytes)
Event: 43843.024 Thread 0x000002077ff906b0 nmethod 767 0x0000020700140710 code [0x00000207001408e0, 0x0000020700140b70]

GC Heap History (2 events):
Event: 1657.158 GC heap before
{Heap before GC invocations=0 (full 0):
 garbage-first heap   total 253952K, used 22528K [0x0000000708a00000, 0x0000000800000000)
  region size 2048K, 11 young (22528K), 0 survivors (0K)
 Metaspace       used 2740K, committed 3008K, reserved 1114112K
  class space    used 247K, committed 384K, reserved 1048576K
}
Event: 1657.166 GC heap after
{Heap after GC invocations=1 (full 0):
 garbage-first heap   total 253952K, used 2282K [0x0000000708a00000, 0x0000000800000000)
  region size 2048K, 2 young (4096K), 2 survivors (4096K)
 Metaspace       used 2740K, committed 3008K, reserved 1114112K
  class space    used 247K, committed 384K, reserved 1048576K
}

Dll operation events (7 events):
Event: 0.009 Loaded shared library C:\Users\abiou\Downloads\BlueJ-windows-5.5.0_BLUEJ\BlueJ\jdk\bin\java.dll
Event: 0.044 Loaded shared library C:\Users\abiou\Downloads\BlueJ-windows-5.5.0_BLUEJ\BlueJ\jdk\bin\jsvml.dll
Event: 0.386 Loaded shared library C:\Users\abiou\Downloads\BlueJ-windows-5.5.0_BLUEJ\bluej\jdk\bin\net.dll
Event: 0.389 Loaded shared library C:\Users\abiou\Downloads\BlueJ-windows-5.5.0_BLUEJ\bluej\jdk\bin\nio.dll
Event: 0.410 Loaded shared library C:\Users\abiou\Downloads\BlueJ-windows-5.5.0_BLUEJ\bluej\jdk\bin\zip.dll
Event: 0.454 Loaded shared library C:\Users\abiou\Downloads\BlueJ-windows-5.5.0_BLUEJ\bluej\jdk\bin\jimage.dll
Event: 0.458 Loaded shared library C:\Users\abiou\Downloads\BlueJ-windows-5.5.0_BLUEJ\bluej\jdk\bin\awt.dll

Deoptimization events (20 events):
Event: 1903.357 Thread 0x000002075a49efc0 DEOPT PACKING pc=0x000002070013885c sp=0x000000df9cffeea0
Event: 1903.357 Thread 0x000002075a49efc0 DEOPT UNPACKING pc=0x0000020707584e42 sp=0x000000df9cffe330 mode 1
Event: 1903.357 Thread 0x000002075a49efc0 DEOPT PACKING pc=0x00000207000dda44 sp=0x000000df9cffeed0
Event: 1903.357 Thread 0x000002075a49efc0 DEOPT UNPACKING pc=0x0000020707584e42 sp=0x000000df9cffe340 mode 1
Event: 1903.357 Thread 0x000002075a49efc0 DEOPT PACKING pc=0x00000207000dda44 sp=0x000000df9cffec80
Event: 1903.357 Thread 0x000002075a49efc0 DEOPT UNPACKING pc=0x0000020707584e42 sp=0x000000df9cffe0e0 mode 1
Event: 1903.357 Thread 0x000002075a49efc0 DEOPT PACKING pc=0x000002070008c95c sp=0x000000df9cffed10
Event: 1903.357 Thread 0x000002075a49efc0 DEOPT UNPACKING pc=0x0000020707584e42 sp=0x000000df9cffe1f0 mode 1
Event: 1903.357 Thread 0x000002075a49efc0 DEOPT PACKING pc=0x000002070013885c sp=0x000000df9cffeea0
Event: 1903.357 Thread 0x000002075a49efc0 DEOPT UNPACKING pc=0x0000020707584e42 sp=0x000000df9cffe330 mode 1
Event: 1903.357 Thread 0x000002075a49efc0 DEOPT PACKING pc=0x00000207000dda44 sp=0x000000df9cffeed0
Event: 1903.357 Thread 0x000002075a49efc0 DEOPT UNPACKING pc=0x0000020707584e42 sp=0x000000df9cffe340 mode 1
Event: 1903.357 Thread 0x000002075a49efc0 DEOPT PACKING pc=0x00000207000dda44 sp=0x000000df9cffec80
Event: 1903.357 Thread 0x000002075a49efc0 DEOPT UNPACKING pc=0x0000020707584e42 sp=0x000000df9cffe0e0 mode 1
Event: 1903.357 Thread 0x000002075a49efc0 DEOPT PACKING pc=0x000002070008c95c sp=0x000000df9cffed10
Event: 1903.357 Thread 0x000002075a49efc0 DEOPT UNPACKING pc=0x0000020707584e42 sp=0x000000df9cffe1f0 mode 1
Event: 1903.357 Thread 0x000002075a49efc0 DEOPT PACKING pc=0x000002070013885c sp=0x000000df9cffeea0
Event: 1903.357 Thread 0x000002075a49efc0 DEOPT UNPACKING pc=0x0000020707584e42 sp=0x000000df9cffe330 mode 1
Event: 1903.357 Thread 0x000002075a49efc0 DEOPT PACKING pc=0x00000207000dda44 sp=0x000000df9cffeed0
Event: 1903.357 Thread 0x000002075a49efc0 DEOPT UNPACKING pc=0x0000020707584e42 sp=0x000000df9cffe340 mode 1

Classes loaded (20 events):
Event: 43843.019 Loading class java/awt/GraphicsConfiguration done
Event: 43843.019 Loading class sun/awt/Win32GraphicsConfig done
Event: 43843.020 Loading class java/awt/Rectangle
Event: 43843.021 Loading class java/awt/Shape
Event: 43843.022 Loading class java/awt/Shape done
Event: 43843.022 Loading class java/awt/geom/Rectangle2D
Event: 43843.022 Loading class java/awt/geom/RectangularShape
Event: 43843.023 Loading class java/awt/geom/RectangularShape done
Event: 43843.023 Loading class java/awt/geom/Rectangle2D done
Event: 43843.023 Loading class java/awt/Rectangle done
Event: 43843.025 Loading class java/util/WeakHashMap$KeyIterator
Event: 43843.026 Loading class java/util/WeakHashMap$HashIterator
Event: 43843.026 Loading class java/util/WeakHashMap$HashIterator done
Event: 43843.026 Loading class java/util/WeakHashMap$KeyIterator done
Event: 43844.034 Loading class sun/awt/AppContext$PostShutdownEventRunnable
Event: 43844.034 Loading class sun/awt/AppContext$PostShutdownEventRunnable done
Event: 43844.034 Loading class sun/awt/AWTAutoShutdown$1
Event: 43844.034 Loading class sun/awt/AWTAutoShutdown$1 done
Event: 44266.725 Loading class java/util/ArrayList$ListItr
Event: 44266.730 Loading class java/util/ArrayList$ListItr done

Classes unloaded (0 events):
No events

Classes redefined (0 events):
No events

Internal exceptions (6 events):
Event: 0.446 Thread 0x0000020773044130 Exception <a 'java/lang/ClassNotFoundException'{0x0000000717c247c8}: sun/awt/resources/spi/awtProvider> (0x0000000717c247c8) 
thrown [s\src\hotspot\share\classfile\systemDictionary.cpp, line 312]
Event: 0.468 Thread 0x0000020773044130 Exception <a 'java/io/FileNotFoundException'{0x0000000717c88180}> (0x0000000717c88180) 
thrown [s\src\hotspot\share\prims\jni.cpp, line 520]
Event: 0.471 Thread 0x0000020773044130 Exception <a 'java/io/FileNotFoundException'{0x0000000717cb2aa8}> (0x0000000717cb2aa8) 
thrown [s\src\hotspot\share\prims\jni.cpp, line 520]
Event: 435.499 Thread 0x000002075a46a3c0 Exception <a 'java/lang/NoSuchMethodError'{0x0000000717bed2b0}: 'void java.lang.invoke.DirectMethodHandle$Holder.invokeStatic(java.lang.Object, java.lang.Object)'> (0x0000000717bed2b0) 
thrown [s\src\hotspot\share\interpreter\linkResolver.cpp, line 773]
Event: 1634.343 Thread 0x000002075a49e2a0 Exception <a 'java/lang/ArrayIndexOutOfBoundsException'{0x0000000716dc3f90}: Index 50 out of bounds for length 50> (0x0000000716dc3f90) 
thrown [s\src\hotspot\share\interpreter\interpreterRuntime.cpp, line 439]
Event: 43842.921 Thread 0x000002075a445a00 Exception <a 'java/lang/NoSuchMethodError'{0x000000071782c510}: 'void java.lang.invoke.DirectMethodHandle$Holder.invokeStaticInit(java.lang.Object)'> (0x000000071782c510) 
thrown [s\src\hotspot\share\interpreter\linkResolver.cpp, line 773]

ZGC Phase Switch (0 events):
No events

VM Operations (20 events):
Event: 2705.173 Executing VM operation: RendezvousGCThreads
Event: 2705.173 Executing VM operation: RendezvousGCThreads done
Event: 43843.749 Executing VM operation: Cleanup
Event: 43843.750 Executing VM operation: Cleanup done
Event: 43901.006 Executing VM operation: HandshakeAllThreads (HandshakeForDeflation)
Event: 43901.006 Executing VM operation: HandshakeAllThreads (HandshakeForDeflation) done
Event: 43901.006 Executing VM operation: RendezvousGCThreads
Event: 43901.006 Executing VM operation: RendezvousGCThreads done
Event: 43961.239 Executing VM operation: HandshakeAllThreads (HandshakeForDeflation)
Event: 43961.239 Executing VM operation: HandshakeAllThreads (HandshakeForDeflation) done
Event: 43961.239 Executing VM operation: RendezvousGCThreads
Event: 43961.239 Executing VM operation: RendezvousGCThreads done
Event: 44141.694 Executing VM operation: HandshakeAllThreads (HandshakeForDeflation)
Event: 44141.694 Executing VM operation: HandshakeAllThreads (HandshakeForDeflation) done
Event: 44141.694 Executing VM operation: RendezvousGCThreads
Event: 44141.694 Executing VM operation: RendezvousGCThreads done
Event: 44201.752 Executing VM operation: HandshakeAllThreads (HandshakeForDeflation)
Event: 44201.752 Executing VM operation: HandshakeAllThreads (HandshakeForDeflation) done
Event: 44201.752 Executing VM operation: RendezvousGCThreads
Event: 44201.752 Executing VM operation: RendezvousGCThreads done

Memory protections (0 events):
No events

Nmethod flushes (0 events):
No events

Events (20 events):
Event: 33172.745 Thread 0x000002075a445a00 Thread added: 0x000002075a49d580
Event: 43841.156 Thread 0x000002075a49d580 Thread exited: 0x000002075a49d580
Event: 43841.165 Thread 0x000002075a445a00 Thread added: 0x000002075a49e2a0
Event: 43842.878 Thread 0x000002075a445a00 Thread added: 0x000002075a49f650
Event: 43844.034 Thread 0x000002075a49e2a0 Thread exited: 0x000002075a49e2a0
Event: 43844.035 Thread 0x000002075a49f650 Thread exited: 0x000002075a49f650
Event: 43847.536 Thread 0x000002075a445a00 Thread added: 0x000002075a49f650
Event: 43848.555 Thread 0x000002075a49f650 Thread exited: 0x000002075a49f650
Event: 43864.465 Thread 0x000002075a445a00 Thread added: 0x000002075a49e2a0
Event: 43865.527 Thread 0x000002075a49e2a0 Thread exited: 0x000002075a49e2a0
Event: 43897.114 Thread 0x000002075a445a00 Thread added: 0x000002075a49e2a0
Event: 43898.184 Thread 0x000002075a49e2a0 Thread exited: 0x000002075a49e2a0
Event: 43918.245 Thread 0x000002075a445a00 Thread added: 0x000002075a49d580
Event: 43919.258 Thread 0x000002075a49d580 Thread exited: 0x000002075a49d580
Event: 44124.092 Thread 0x000002075a445a00 Thread added: 0x000002075a49efc0
Event: 44125.107 Thread 0x000002075a49efc0 Thread exited: 0x000002075a49efc0
Event: 44183.828 Thread 0x000002075a445a00 Thread added: 0x000002075a49efc0
Event: 44184.830 Thread 0x000002075a49efc0 Thread exited: 0x000002075a49efc0
Event: 44266.246 Thread 0x000002075a445a00 Thread added: 0x000002075a49e2a0
Event: 44266.724 Thread 0x000002075a445a00 Thread added: 0x000002075a49dc10


Dynamic libraries:
0x00007ff7bca70000 - 0x00007ff7bca7e000 	C:\Users\abiou\Downloads\BlueJ-windows-5.5.0_BLUEJ\BlueJ\jdk\bin\java.exe
0x00007ff837d60000 - 0x00007ff837fc8000 	C:\Windows\SYSTEM32\ntdll.dll
0x00007ff835ee0000 - 0x00007ff835fa9000 	C:\Windows\System32\KERNEL32.DLL
0x00007ff8356a0000 - 0x00007ff835a92000 	C:\Windows\System32\KERNELBASE.dll
0x00007ff835550000 - 0x00007ff83569b000 	C:\Windows\System32\ucrtbase.dll
0x00007ff828b40000 - 0x00007ff828b5e000 	C:\Users\abiou\Downloads\BlueJ-windows-5.5.0_BLUEJ\BlueJ\jdk\bin\VCRUNTIME140.dll
0x00007ff828b60000 - 0x00007ff828b78000 	C:\Users\abiou\Downloads\BlueJ-windows-5.5.0_BLUEJ\BlueJ\jdk\bin\jli.dll
0x00007ff836690000 - 0x00007ff836855000 	C:\Windows\System32\USER32.dll
0x00007ff834ef0000 - 0x00007ff834f17000 	C:\Windows\System32\win32u.dll
0x00007ff836660000 - 0x00007ff83668b000 	C:\Windows\System32\GDI32.dll
0x00007ff835420000 - 0x00007ff83554d000 	C:\Windows\System32\gdi32full.dll
0x00007ff8186a0000 - 0x00007ff818933000 	C:\Windows\WinSxS\amd64_microsoft.windows.common-controls_6595b64144ccf1df_6.0.26100.6899_none_3e0efeeae32e88c1\COMCTL32.dll
0x00007ff835140000 - 0x00007ff8351e3000 	C:\Windows\System32\msvcp_win.dll
0x00007ff835b30000 - 0x00007ff835bd9000 	C:\Windows\System32\msvcrt.dll
0x00007ff8369c0000 - 0x00007ff8369ef000 	C:\Windows\System32\IMM32.DLL
0x00007ff827190000 - 0x00007ff82719c000 	C:\Users\abiou\Downloads\BlueJ-windows-5.5.0_BLUEJ\BlueJ\jdk\bin\vcruntime140_1.dll
0x00007ff815d40000 - 0x00007ff815dcd000 	C:\Users\abiou\Downloads\BlueJ-windows-5.5.0_BLUEJ\BlueJ\jdk\bin\msvcp140.dll
0x00007fffa9e90000 - 0x00007fffaac20000 	C:\Users\abiou\Downloads\BlueJ-windows-5.5.0_BLUEJ\BlueJ\jdk\bin\server\jvm.dll
0x00007ff836560000 - 0x00007ff836614000 	C:\Windows\System32\ADVAPI32.dll
0x00007ff835cb0000 - 0x00007ff835d56000 	C:\Windows\System32\sechost.dll
0x00007ff836440000 - 0x00007ff836558000 	C:\Windows\System32\RPCRT4.dll
0x00007ff835d60000 - 0x00007ff835dd4000 	C:\Windows\System32\WS2_32.dll
0x00007ff834d50000 - 0x00007ff834dae000 	C:\Windows\SYSTEM32\POWRPROF.dll
0x00007ff8182a0000 - 0x00007ff8182ab000 	C:\Windows\SYSTEM32\VERSION.dll
0x00007ff81c560000 - 0x00007ff81c595000 	C:\Windows\SYSTEM32\WINMM.dll
0x00007ff834d30000 - 0x00007ff834d44000 	C:\Windows\SYSTEM32\UMPDC.dll
0x00007ff833c20000 - 0x00007ff833c3b000 	C:\Windows\SYSTEM32\kernel.appcore.dll
0x00007ff827180000 - 0x00007ff82718a000 	C:\Users\abiou\Downloads\BlueJ-windows-5.5.0_BLUEJ\BlueJ\jdk\bin\jimage.dll
0x00007ff8325e0000 - 0x00007ff832822000 	C:\Windows\SYSTEM32\DBGHELP.DLL
0x00007ff8375a0000 - 0x00007ff83791b000 	C:\Windows\System32\combase.dll
0x00007ff8374b0000 - 0x00007ff837587000 	C:\Windows\System32\OLEAUT32.dll
0x00007ffff85f0000 - 0x00007ffff862c000 	C:\Windows\SYSTEM32\dbgcore.DLL
0x00007ff834f20000 - 0x00007ff834fb8000 	C:\Windows\System32\bcryptPrimitives.dll
0x00007ff8130e0000 - 0x00007ff81311c000 	C:\Users\abiou\Downloads\BlueJ-windows-5.5.0_BLUEJ\BlueJ\jdk\bin\jdwp.dll
0x00007ff826ca0000 - 0x00007ff826cbf000 	C:\Users\abiou\Downloads\BlueJ-windows-5.5.0_BLUEJ\BlueJ\jdk\bin\java.dll
0x00007ff836d60000 - 0x00007ff8374ad000 	C:\Windows\System32\SHELL32.dll
0x00007ff8352b0000 - 0x00007ff83541b000 	C:\Windows\System32\wintypes.dll
0x00007ff832b00000 - 0x00007ff83335d000 	C:\Windows\SYSTEM32\windows.storage.dll
0x00007ff837920000 - 0x00007ff837a12000 	C:\Windows\System32\SHCORE.dll
0x00007ff835de0000 - 0x00007ff835e42000 	C:\Windows\System32\shlwapi.dll
0x00007ff834e10000 - 0x00007ff834e39000 	C:\Windows\SYSTEM32\profapi.dll
0x00007ffffdee0000 - 0x00007ffffdfb7000 	C:\Users\abiou\Downloads\BlueJ-windows-5.5.0_BLUEJ\BlueJ\jdk\bin\jsvml.dll
0x00007ff81ae60000 - 0x00007ff81ae6b000 	C:\Users\abiou\Downloads\BlueJ-windows-5.5.0_BLUEJ\BlueJ\jdk\bin\dt_shmem.dll
0x00007ff827160000 - 0x00007ff827170000 	C:\Users\abiou\Downloads\BlueJ-windows-5.5.0_BLUEJ\bluej\jdk\bin\net.dll
0x00007ff823c30000 - 0x00007ff823d4f000 	C:\Windows\SYSTEM32\WINHTTP.dll
0x00007ff8341d0000 - 0x00007ff83423b000 	C:\Windows\system32\mswsock.dll
0x00007ff81b7b0000 - 0x00007ff81b7c6000 	C:\Users\abiou\Downloads\BlueJ-windows-5.5.0_BLUEJ\bluej\jdk\bin\nio.dll
0x00007ff81b040000 - 0x00007ff81b058000 	C:\Users\abiou\Downloads\BlueJ-windows-5.5.0_BLUEJ\bluej\jdk\bin\zip.dll
0x00007fffeb150000 - 0x00007fffeb2de000 	C:\Users\abiou\Downloads\BlueJ-windows-5.5.0_BLUEJ\bluej\jdk\bin\awt.dll
0x00007ff82ad00000 - 0x00007ff82ad9f000 	C:\Windows\SYSTEM32\apphelp.dll
0x00007ff82b100000 - 0x00007ff82b1aa000 	C:\Windows\system32\uxtheme.dll
0x00007ff836860000 - 0x00007ff8369bb000 	C:\Windows\System32\MSCTF.dll
0x00007ff836b00000 - 0x00007ff836c98000 	C:\Windows\System32\ole32.dll
0x00007ff82b390000 - 0x00007ff82b3bd000 	C:\Windows\system32\DWMAPI.DLL
0x00007fffcb630000 - 0x00007fffcb73c000 	C:\Windows\system32\opengl32.dll
0x00007ff81af10000 - 0x00007ff81af3d000 	C:\Windows\SYSTEM32\GLU32.dll
0x00007ff832030000 - 0x00007ff832074000 	C:\Windows\SYSTEM32\dxcore.dll

dbghelp: loaded successfully - version: 4.0.5 - missing functions: none
symbol engine: initialized successfully - sym options: 0x614 - pdb path: .;C:\Users\abiou\Downloads\BlueJ-windows-5.5.0_BLUEJ\BlueJ\jdk\bin;C:\Windows\SYSTEM32;C:\Windows\WinSxS\amd64_microsoft.windows.common-controls_6595b64144ccf1df_6.0.26100.6899_none_3e0efeeae32e88c1;C:\Users\abiou\Downloads\BlueJ-windows-5.5.0_BLUEJ\BlueJ\jdk\bin\server

VM Arguments:
jvm_args: -ea -agentlib:jdwp=transport=dt_shmem,address=javadebug -Dfile.encoding=UTF-8 
java_command: bluej.runtime.ExecServer UTF-8
java_class_path (initial): C:\Users\abiou\Downloads\BlueJ-windows-5.5.0_BLUEJ\bluej\lib\bluejcore.jar;C:\Users\abiou\Downloads\BlueJ-windows-5.5.0_BLUEJ\bluej\lib\javafx-base-23.0.2-win.jar;C:\Users\abiou\Downloads\BlueJ-windows-5.5.0_BLUEJ\bluej\lib\javafx-controls-23.0.2-win.jar;C:\Users\abiou\Downloads\BlueJ-windows-5.5.0_BLUEJ\bluej\lib\javafx-fxml-23.0.2-win.jar;C:\Users\abiou\Downloads\BlueJ-windows-5.5.0_BLUEJ\bluej\lib\javafx-graphics-23.0.2-win.jar;C:\Users\abiou\Downloads\BlueJ-windows-5.5.0_BLUEJ\bluej\lib\javafx-media-23.0.2-win.jar;C:\Users\abiou\Downloads\BlueJ-windows-5.5.0_BLUEJ\bluej\lib\javafx-swing-23.0.2-win.jar;C:\Users\abiou\Downloads\BlueJ-windows-5.5.0_BLUEJ\bluej\lib\javafx-web-23.0.2-win.jar;C:\Users\abiou\Downloads\BlueJ-windows-5.5.0_BLUEJ\bluej\lib\junit-4.12.jar;C:\Users\abiou\Downloads\BlueJ-windows-5.5.0_BLUEJ\bluej\lib\junit-jupiter-5.5.2.jar;C:\Users\abiou\Downloads\BlueJ-windows-5.5.0_BLUEJ\bluej\lib\junit-jupiter-api-5.5.2.jar;C:\Users\abiou\Downloads\BlueJ-windows-5.5.0_BLUEJ\bluej\lib\junit-jupiter-engine-5.5.2.jar;C:\Users\abiou\Downloads\BlueJ-windows-5.5.0_BLUEJ\bluej\lib\junit-jupiter-params-5.5.2.jar;C:\Users\abiou\Downloads\BlueJ-windows-5.5.0_BLUEJ\bluej\lib\junit-platform-commons-1.5.2.jar;C:\Users\abiou\Downloads\BlueJ-windows-5.5.0_BLUEJ\bluej\lib\junit-platform-engine-1.5.2.jar;C:\Users\abiou\Downloads\BlueJ-windows-5.5.0_BLUEJ\bluej\lib\junit-platform-launcher-1.5.2.jar;C:\Users\abiou\Downloads\BlueJ-windows-5.5.0_BLUEJ\bluej\lib\junit-platform-suite-api-1.5.2.jar;C:\Users\abiou\Downloads\BlueJ-windows-5.5.0_BLUEJ\bluej\lib\junit-vintage-engine-5.5.2.jar;C:\Users\abiou\Downloads\BlueJ-windows-5.5.0_BLUEJ\bluej\lib\hamcrest-core-1.3.jar;C:\Users\abiou\Downloads\BlueJ-windows-5.5.0_BLUEJ\bluej\lib\opentest4j-1.2.0.jar;C:\Users\abiou\Downloads\BlueJ-windows-5.5.0_BLUEJ\bluej\lib\lang-stride.jar;C:\Users\abiou\Downloads\BlueJ-windows-5.5.0_BLUEJ\bluej\lib\javafx\javafx.base.jar;C:\Users\abiou\Downloads\BlueJ-windows-5.5.0_BLUEJ\bluej\lib\javafx\javafx.controls.jar;C:\Users\abiou\Downloads\BlueJ-windows-5.5.0_BLUEJ\bluej\lib\javafx\javafx.fxml.jar;C:\Users\abiou\Downloads\BlueJ-windows-5.5.0_BLUEJ\bluej\lib\javafx\javafx.graphics.jar;C:\Users\abiou\Downloads\BlueJ-windows-5.5.0_BLUEJ\bluej\lib\javafx\javafx.media.jar;C:\Users\abiou\Downloads\BlueJ-windows-5.5.0_BLUEJ\bluej\lib\javafx\javafx.properties.jar;C:\Users\abiou\Downloads\BlueJ-windows-5.5.0_BLUEJ\bluej\lib\javafx\javafx.swing.jar;C:\Users\abiou\Downloads\BlueJ-windows-5.5.0_BLUEJ\bluej\lib\javafx\javafx.web.jar
Launcher Type: SUN_STANDARD

[Global flags]
     intx CICompilerCount                          = 4                                         {product} {ergonomic}
     uint ConcGCThreads                            = 3                                         {product} {ergonomic}
     uint G1ConcRefinementThreads                  = 11                                        {product} {ergonomic}
   size_t G1HeapRegionSize                         = 2097152                                   {product} {ergonomic}
    uintx GCDrainStackTargetSize                   = 64                                        {product} {ergonomic}
   size_t InitialHeapSize                          = 260046848                                 {product} {ergonomic}
   size_t MarkStackSize                            = 4194304                                   {product} {ergonomic}
   size_t MaxHeapSize                              = 4150263808                                {product} {ergonomic}
   size_t MaxNewSize                               = 2489319424                                {product} {ergonomic}
   size_t MinHeapDeltaBytes                        = 2097152                                   {product} {ergonomic}
   size_t MinHeapSize                              = 8388608                                   {product} {ergonomic}
    uintx NonNMethodCodeHeapSize                   = 5839372                                {pd product} {ergonomic}
    uintx NonProfiledCodeHeapSize                  = 122909434                              {pd product} {ergonomic}
    uintx ProfiledCodeHeapSize                     = 122909434                              {pd product} {ergonomic}
    uintx ReservedCodeCacheSize                    = 251658240                              {pd product} {ergonomic}
     bool SegmentedCodeCache                       = true                                      {product} {ergonomic}
   size_t SoftMaxHeapSize                          = 4150263808                             {manageable} {ergonomic}
     bool UseCompressedOops                        = true                           {product lp64_product} {ergonomic}
     bool UseG1GC                                  = true                                      {product} {ergonomic}
     bool UseLargePagesIndividualAllocation        = false                                  {pd product} {ergonomic}

Logging:
Log output configuration:
 #0: stdout all=warning uptime,level,tags foldmultilines=false
 #1: stderr all=off uptime,level,tags foldmultilines=false

Environment Variables:
PATH=C:\Windows\system32;C:\Windows;C:\Windows\System32\Wbem;C:\Windows\System32\WindowsPowerShell\v1.0\;C:\Windows\System32\OpenSSH\;C:\Program Files\dotnet\;C:\Users\abiou\AppData\Local\Microsoft\WindowsApps;
USERNAME=abiou
OS=Windows_NT
PROCESSOR_IDENTIFIER=Intel64 Family 6 Model 170 Stepping 4, GenuineIntel
TMP=C:\Users\abiou\AppData\Local\Temp
TEMP=C:\Users\abiou\AppData\Local\Temp




Periodic native trim disabled

---------------  S Y S T E M  ---------------

OS:
 Windows 11 , 64 bit Build 26100 (10.0.26100.6725)
OS uptime: 6 days 5:54 hours
Hyper-V role detected

CPU: total 14 (initial active 14) (7 cores per cpu, 2 threads per core) family 6 model 170 stepping 4 microcode 0x24, cx8, cmov, fxsr, ht, mmx, 3dnowpref, sse, sse2, sse3, ssse3, sse4.1, sse4.2, popcnt, lzcnt, tsc, tscinvbit, avx, avx2, aes, erms, clmul, bmi1, bmi2, adx, sha, fma, vzeroupper, clflush, clflushopt, clwb, hv, serialize, rdtscp, rdpid, fsrm, f16c, cet_ibt, cet_ss
Processor Information for processor 0
  Max Mhz: 1700, Current Mhz: 1700, Mhz Limit: 1700
Processor Information for processor 1
  Max Mhz: 1700, Current Mhz: 1700, Mhz Limit: 1700
Processor Information for processor 2
  Max Mhz: 1200, Current Mhz: 1200, Mhz Limit: 1200
Processor Information for processor 3
  Max Mhz: 1200, Current Mhz: 1200, Mhz Limit: 1200
Processor Information for processor 4
  Max Mhz: 1200, Current Mhz: 1200, Mhz Limit: 1200
Processor Information for processor 5
  Max Mhz: 1200, Current Mhz: 1200, Mhz Limit: 1200
Processor Information for processor 6
  Max Mhz: 1200, Current Mhz: 1200, Mhz Limit: 1200
Processor Information for processor 7
  Max Mhz: 1200, Current Mhz: 1200, Mhz Limit: 1200
Processor Information for processor 8
  Max Mhz: 1200, Current Mhz: 1200, Mhz Limit: 1200
Processor Information for processor 9
  Max Mhz: 1200, Current Mhz: 1200, Mhz Limit: 1200
Processor Information for processor 10
  Max Mhz: 1700, Current Mhz: 1700, Mhz Limit: 1700
Processor Information for processor 11
  Max Mhz: 1700, Current Mhz: 1700, Mhz Limit: 1700
Processor Information for processor 12
  Max Mhz: 700, Current Mhz: 700, Mhz Limit: 700
Processor Information for processor 13
  Max Mhz: 700, Current Mhz: 700, Mhz Limit: 700

Memory: 4k page, system-wide physical 15828M (4433M free)
TotalPageFile size 26580M (AvailPageFile size 7364M)
current process WorkingSet (physical memory assigned to process): 29M, peak: 67M
current process commit charge ("private bytes"): 351M, peak: 359M

vm_info: OpenJDK 64-Bit Server VM (21.0.6+7-LTS) for windows-amd64 JRE (21.0.6+7-LTS), built on 2025-01-21T00:00:00Z by "admin" with MS VC++ 17.7 (VS2022)

END.
